[INFO] Scanning for projects...
[INFO]                                                                         
[INFO] ------------------------------------------------------------------------
[INFO] Building Hystrix Dashboard 0.0.1-SNAPSHOT
[INFO] ------------------------------------------------------------------------
[INFO] 
[INFO] --- maven-clean-plugin:2.6.1:clean (default-clean) @ turbinehystrixdashboard ---
[INFO] Deleting /Users/macbook/Documents/workspace/bakalarka/TurbineHystrixDashboard/target
[INFO] 
[INFO] --- maven-resources-plugin:2.6:resources (default-resources) @ turbinehystrixdashboard ---
[INFO] Using 'UTF-8' encoding to copy filtered resources.
[INFO] Copying 1 resource
[INFO] Copying 1 resource
[INFO] 
[INFO] --- maven-compiler-plugin:3.1:compile (default-compile) @ turbinehystrixdashboard ---
[INFO] Changes detected - recompiling the module!
[INFO] Compiling 1 source file to /Users/macbook/Documents/workspace/bakalarka/TurbineHystrixDashboard/target/classes
[INFO] 
[INFO] --- maven-resources-plugin:2.6:testResources (default-testResources) @ turbinehystrixdashboard ---
[INFO] Using 'UTF-8' encoding to copy filtered resources.
[INFO] skip non existing resourceDirectory /Users/macbook/Documents/workspace/bakalarka/TurbineHystrixDashboard/src/test/resources
[INFO] 
[INFO] --- maven-compiler-plugin:3.1:testCompile (default-testCompile) @ turbinehystrixdashboard ---
[INFO] Changes detected - recompiling the module!
[INFO] Compiling 1 source file to /Users/macbook/Documents/workspace/bakalarka/TurbineHystrixDashboard/target/test-classes
[INFO] 
[INFO] --- maven-surefire-plugin:2.18.1:test (default-test) @ turbinehystrixdashboard ---
[INFO] Tests are skipped.
[INFO] 
[INFO] --- maven-jar-plugin:2.6:jar (default-jar) @ turbinehystrixdashboard ---
[INFO] Building jar: /Users/macbook/Documents/workspace/bakalarka/TurbineHystrixDashboard/target/turbinehystrixdashboard-0.0.1-SNAPSHOT.jar
[INFO] 
[INFO] --- spring-boot-maven-plugin:1.5.2.RELEASE:repackage (default) @ turbinehystrixdashboard ---
[INFO] 
[INFO] --- docker-maven-plugin:0.4.11:build (default-cli) @ turbinehystrixdashboard ---
[INFO] Copying /Users/macbook/Documents/workspace/bakalarka/TurbineHystrixDashboard/target/turbinehystrixdashboard-0.0.1-SNAPSHOT.jar -> /Users/macbook/Documents/workspace/bakalarka/TurbineHystrixDashboard/target/docker/turbinehystrixdashboard-0.0.1-SNAPSHOT.jar
[INFO] Copying src/main/docker/Dockerfile -> /Users/macbook/Documents/workspace/bakalarka/TurbineHystrixDashboard/target/docker/Dockerfile
[INFO] Building image bakalarka/turbinehystrixdashboard
Step 1/6 : FROM java:8
 ---> d23bdf5b1b1b
Step 2/6 : VOLUME /tmp
 ---> Using cache
 ---> 2ddabce9b58e
Step 3/6 : ADD turbinehystrixdashboard-0.0.1-SNAPSHOT.jar app.jar
 ---> 6188f1b46ab7
Removing intermediate container 0360f91483ab
Step 4/6 : EXPOSE 8080
 ---> Running in dff83ed88a70
 ---> 83f7ad474dad
Removing intermediate container dff83ed88a70
Step 5/6 : RUN sh -c 'touch /app.jar'
 ---> Running in 8b40e6e69761
 ---> 99f9f42c12d5
Removing intermediate container 8b40e6e69761
Step 6/6 : CMD java $JAVA_OPTIONS -jar app.jar
 ---> Running in 64802d8ec733
 ---> 3538a9f050f9
Removing intermediate container 64802d8ec733
Successfully built 3538a9f050f9
[INFO] Built bakalarka/turbinehystrixdashboard
[INFO] ------------------------------------------------------------------------
[INFO] BUILD SUCCESS
[INFO] ------------------------------------------------------------------------
[INFO] Total time: 16.553 s
[INFO] Finished at: 2017-05-21T16:22:14+02:00
[INFO] Final Memory: 51M/407M
[INFO] ------------------------------------------------------------------------
