[INFO] Scanning for projects...
[INFO]                                                                         
[INFO] ------------------------------------------------------------------------
[INFO] Building ZuulProxy 0.0.1-SNAPSHOT
[INFO] ------------------------------------------------------------------------
[INFO] 
[INFO] --- maven-clean-plugin:2.6.1:clean (default-clean) @ apigateway ---
[INFO] Deleting /Users/macbook/Documents/bakalarka/source/ApiGateway/target
[INFO] 
[INFO] --- maven-resources-plugin:2.6:resources (default-resources) @ apigateway ---
[INFO] Using 'UTF-8' encoding to copy filtered resources.
[INFO] Copying 1 resource
[INFO] Copying 1 resource
[INFO] 
[INFO] --- maven-compiler-plugin:3.1:compile (default-compile) @ apigateway ---
[INFO] Changes detected - recompiling the module!
[INFO] Compiling 2 source files to /Users/macbook/Documents/bakalarka/source/ApiGateway/target/classes
[INFO] 
[INFO] --- maven-resources-plugin:2.6:testResources (default-testResources) @ apigateway ---
[INFO] Using 'UTF-8' encoding to copy filtered resources.
[INFO] skip non existing resourceDirectory /Users/macbook/Documents/bakalarka/source/ApiGateway/src/test/resources
[INFO] 
[INFO] --- maven-compiler-plugin:3.1:testCompile (default-testCompile) @ apigateway ---
[INFO] No sources to compile
[INFO] 
[INFO] --- maven-surefire-plugin:2.18.1:test (default-test) @ apigateway ---
[INFO] Tests are skipped.
[INFO] 
[INFO] --- maven-jar-plugin:2.6:jar (default-jar) @ apigateway ---
[INFO] Building jar: /Users/macbook/Documents/bakalarka/source/ApiGateway/target/apigateway-0.0.1-SNAPSHOT.jar
[INFO] 
[INFO] --- spring-boot-maven-plugin:1.5.2.RELEASE:repackage (default) @ apigateway ---
[INFO] 
[INFO] --- docker-maven-plugin:0.4.11:build (default-cli) @ apigateway ---
[INFO] Copying /Users/macbook/Documents/bakalarka/source/ApiGateway/target/apigateway-0.0.1-SNAPSHOT.jar -> /Users/macbook/Documents/bakalarka/source/ApiGateway/target/docker/apigateway-0.0.1-SNAPSHOT.jar
[INFO] Copying src/main/docker/Dockerfile -> /Users/macbook/Documents/bakalarka/source/ApiGateway/target/docker/Dockerfile
[INFO] Building image bakalarka/apigateway
[INFO] ------------------------------------------------------------------------
[INFO] BUILD FAILURE
[INFO] ------------------------------------------------------------------------
[INFO] Total time: 12.940 s
[INFO] Finished at: 2017-05-21T21:21:08+02:00
[INFO] Final Memory: 49M/408M
[INFO] ------------------------------------------------------------------------
[ERROR] Failed to execute goal com.spotify:docker-maven-plugin:0.4.11:build (default-cli) on project apigateway: Exception caught: java.util.concurrent.ExecutionException: com.spotify.docker.client.shaded.javax.ws.rs.ProcessingException: java.io.IOException: Connection refused -> [Help 1]
[ERROR] 
[ERROR] To see the full stack trace of the errors, re-run Maven with the -e switch.
[ERROR] Re-run Maven using the -X switch to enable full debug logging.
[ERROR] 
[ERROR] For more information about the errors and possible solutions, please read the following articles:
[ERROR] [Help 1] http://cwiki.apache.org/confluence/display/MAVEN/MojoExecutionException
